android/app/build/intermediates/manifest_merge_blame_file/release/manifest-merger-blame-release-report.txt
1<?xml version="1.0" encoding="utf-8"?>
2<manifest xmlns:android="http://schemas.android.com/apk/res/android"
3    package="com.filmsstreamreactnative"
4    android:versionCode="1"
5    android:versionName="1.0" >
6
7    <uses-sdk
8        android:minSdkVersion="21"
8-->src\main\AndroidManifest.xml
9        android:targetSdkVersion="29" />
9-->src\main\AndroidManifest.xml
10
11    <uses-permission android:name="android.permission.INTERNET" />
11-->src\main\AndroidManifest.xml:2:3-64
11-->src\main\AndroidManifest.xml:2:20-62
12    <uses-permission android:name="android.permission.SYSTEM_ALERT_WINDOW" />
12-->src\main\AndroidManifest.xml:3:3-75
12-->src\main\AndroidManifest.xml:3:20-73
13    <uses-permission android:name="android.permission.READ_PHONE_STATE" />
13-->src\main\AndroidManifest.xml:4:3-72
13-->src\main\AndroidManifest.xml:4:20-70
14    <uses-permission android:name="android.permission.USE_FINGERPRINT" />
14-->src\main\AndroidManifest.xml:5:3-71
14-->src\main\AndroidManifest.xml:5:20-69
15    <uses-permission android:name="android.permission.USE_BIOMETRIC" />
15-->src\main\AndroidManifest.xml:6:3-69
15-->src\main\AndroidManifest.xml:6:20-67
16    <uses-permission android:name="android.permission.VIBRATE" />
16-->src\main\AndroidManifest.xml:7:3-63
16-->src\main\AndroidManifest.xml:7:20-61
17    <uses-permission android:name="android.permission.MODIFY_AUDIO_SETTINGS" />
17-->src\main\AndroidManifest.xml:8:3-77
17-->src\main\AndroidManifest.xml:8:20-75
18    <uses-permission android:name="android.permission.ACCESS_COARSE_LOCATION" />
18-->src\main\AndroidManifest.xml:9:3-78
18-->src\main\AndroidManifest.xml:9:20-76
19    <uses-permission android:name="android.permission.ACCESS_FINE_LOCATION" />
19-->src\main\AndroidManifest.xml:10:3-76
19-->src\main\AndroidManifest.xml:10:20-74
20    <uses-permission android:name="android.permission.ACCESS_BACKGROUND_LOCATION" />
20-->src\main\AndroidManifest.xml:11:3-82
20-->src\main\AndroidManifest.xml:11:20-80
21    <uses-permission android:name="android.permission.CAMERA" />
21-->src\main\AndroidManifest.xml:12:3-62
21-->src\main\AndroidManifest.xml:12:20-60
22    <uses-permission android:name="android.permission.RECORD_AUDIO" />
22-->src\main\AndroidManifest.xml:13:3-68
22-->src\main\AndroidManifest.xml:13:20-66
23    <uses-permission android:name="android.permission.READ_CONTACTS" />
23-->src\main\AndroidManifest.xml:14:3-69
23-->src\main\AndroidManifest.xml:14:20-67
24    <uses-permission android:name="android.permission.WRITE_CONTACTS" />
24-->src\main\AndroidManifest.xml:15:3-70
24-->src\main\AndroidManifest.xml:15:20-68
25    <uses-permission android:name="android.permission.READ_CALENDAR" />
25-->src\main\AndroidManifest.xml:16:3-69
25-->src\main\AndroidManifest.xml:16:20-67
26    <uses-permission android:name="android.permission.WRITE_CALENDAR" />
26-->src\main\AndroidManifest.xml:17:3-70
26-->src\main\AndroidManifest.xml:17:20-68
27    <uses-permission android:name="android.permission.READ_EXTERNAL_STORAGE" />
27-->src\main\AndroidManifest.xml:18:3-77
27-->src\main\AndroidManifest.xml:18:20-75
28    <uses-permission android:name="android.permission.WRITE_EXTERNAL_STORAGE" />
28-->src\main\AndroidManifest.xml:19:3-78
28-->src\main\AndroidManifest.xml:19:20-76
29    <uses-permission android:name="android.permission.WRITE_SETTINGS" />
29-->src\main\AndroidManifest.xml:20:3-70
29-->src\main\AndroidManifest.xml:20:20-68
30    <uses-permission android:name="android.permission.ACCESS_NETWORK_STATE" />
30-->[:expo-updates] AndroidManifest.xml:11:5-79
30-->[:expo-updates] AndroidManifest.xml:11:22-76
31    <uses-permission android:name="android.permission.FOREGROUND_SERVICE" />
31-->[:expo-location] AndroidManifest.xml:14:5-77
31-->[:expo-location] AndroidManifest.xml:14:22-74
32    <uses-permission android:name="com.google.android.providers.gsf.permission.READ_GSERVICES" />
32-->[io.nlopez.smartlocation:library:3.2.11] AndroidManifest.xml:15:5-98
32-->[io.nlopez.smartlocation:library:3.2.11] AndroidManifest.xml:15:22-95
33    <uses-permission android:name="com.google.android.gms.permission.ACTIVITY_RECOGNITION" />
33-->[io.nlopez.smartlocation:library:3.2.11] AndroidManifest.xml:16:5-94
33-->[io.nlopez.smartlocation:library:3.2.11] AndroidManifest.xml:16:22-91
34
35    <application
35-->src\main\AndroidManifest.xml:21:3-37:17
36        android:name="com.filmsstreamreactnative.MainApplication"
36-->src\main\AndroidManifest.xml:21:16-47
37        android:allowBackup="false"
37-->src\main\AndroidManifest.xml:21:162-189
38        android:appComponentFactory="androidx.core.app.CoreComponentFactory"
38-->[androidx.core:core:1.1.0] AndroidManifest.xml:24:18-86
39        android:icon="@mipmap/ic_launcher"
39-->src\main\AndroidManifest.xml:21:81-115
40        android:label="@string/app_name"
40-->src\main\AndroidManifest.xml:21:48-80
41        android:roundIcon="@mipmap/ic_launcher_round"
41-->src\main\AndroidManifest.xml:21:116-161
42        android:theme="@style/AppTheme" >
42-->src\main\AndroidManifest.xml:21:190-221
43        <meta-data
43-->src\main\AndroidManifest.xml:22:5-140
44            android:name="expo.modules.updates.EXPO_UPDATE_URL"
44-->src\main\AndroidManifest.xml:22:16-67
45            android:value="https://exp.host/@fmpereira/films-stream-react-native" />
45-->src\main\AndroidManifest.xml:22:68-137
46        <meta-data
46-->src\main\AndroidManifest.xml:23:5-94
47            android:name="expo.modules.updates.EXPO_SDK_VERSION"
47-->src\main\AndroidManifest.xml:23:16-68
48            android:value="39.0.0" />
48-->src\main\AndroidManifest.xml:23:69-91
49        <meta-data
49-->src\main\AndroidManifest.xml:24:5-82
50            android:name="expo.modules.updates.ENABLED"
50-->src\main\AndroidManifest.xml:24:16-59
51            android:value="true" />
51-->src\main\AndroidManifest.xml:24:60-80
52        <meta-data
52-->src\main\AndroidManifest.xml:25:5-105
53            android:name="expo.modules.updates.EXPO_UPDATES_CHECK_ON_LAUNCH"
53-->src\main\AndroidManifest.xml:25:16-80
54            android:value="ALWAYS" />
54-->src\main\AndroidManifest.xml:25:81-103
55        <meta-data
55-->src\main\AndroidManifest.xml:26:5-99
56            android:name="expo.modules.updates.EXPO_UPDATES_LAUNCH_WAIT_MS"
56-->src\main\AndroidManifest.xml:26:16-79
57            android:value="0" />
57-->src\main\AndroidManifest.xml:26:80-97
58        <meta-data
58-->src\main\AndroidManifest.xml:27:5-99
59            android:name="expo.modules.updates.EXPO_RELEASE_CHANNEL"
59-->src\main\AndroidManifest.xml:27:16-72
60            android:value="default" />
60-->src\main\AndroidManifest.xml:27:73-96
61
62        <activity
62-->src\main\AndroidManifest.xml:29:3-35:16
63            android:name="com.filmsstreamreactnative.MainActivity"
63-->src\main\AndroidManifest.xml:30:5-33
64            android:configChanges="keyboard|keyboardHidden|orientation|screenSize|uiMode"
64-->src\main\AndroidManifest.xml:30:67-144
65            android:label="@string/app_name"
65-->src\main\AndroidManifest.xml:30:34-66
66            android:launchMode="singleTask"
66-->src\main\AndroidManifest.xml:30:145-176
67            android:theme="@style/Theme.App.SplashScreen"
67-->src\main\AndroidManifest.xml:30:220-265
68            android:windowSoftInputMode="adjustResize" >
68-->src\main\AndroidManifest.xml:30:177-219
69            <intent-filter>
69-->src\main\AndroidManifest.xml:31:7-34:23
70                <action android:name="android.intent.action.MAIN" />
70-->src\main\AndroidManifest.xml:32:9-60
70-->src\main\AndroidManifest.xml:32:17-58
71
72                <category android:name="android.intent.category.LAUNCHER" />
72-->src\main\AndroidManifest.xml:33:9-68
72-->src\main\AndroidManifest.xml:33:19-66
73            </intent-filter>
74        </activity>
75        <activity android:name="com.facebook.react.devsupport.DevSettingsActivity" />
75-->src\main\AndroidManifest.xml:36:5-81
75-->src\main\AndroidManifest.xml:36:15-79
76
77        <meta-data
77-->[:unimodules-react-native-adapter] AndroidManifest.xml:12:9-14:91
78            android:name="org.unimodules.core.AppLoader#react-native-headless"
78-->[:unimodules-react-native-adapter] AndroidManifest.xml:13:13-79
79            android:value="org.unimodules.adapters.react.apploader.RNHeadlessAppLoader" />
79-->[:unimodules-react-native-adapter] AndroidManifest.xml:14:13-88
80
81        <provider
81-->[:expo-file-system] AndroidManifest.xml:17:9-26:20
82            android:name="expo.modules.filesystem.FileSystemFileProvider"
82-->[:expo-file-system] AndroidManifest.xml:18:13-74
83            android:authorities="com.filmsstreamreactnative.FileSystemFileProvider"
83-->[:expo-file-system] AndroidManifest.xml:19:13-74
84            android:exported="false"
84-->[:expo-file-system] AndroidManifest.xml:20:13-37
85            android:grantUriPermissions="true" >
85-->[:expo-file-system] AndroidManifest.xml:21:13-47
86            <meta-data
86-->[:expo-file-system] AndroidManifest.xml:23:13-25:70
87                android:name="android.support.FILE_PROVIDER_PATHS"
87-->[:expo-file-system] AndroidManifest.xml:24:17-67
88                android:resource="@xml/file_system_provider_paths" />
88-->[:expo-file-system] AndroidManifest.xml:25:17-67
89        </provider>
90
91        <service
91-->[:expo-location] AndroidManifest.xml:17:9-19:40
92            android:name="expo.modules.location.services.LocationTaskService"
92-->[:expo-location] AndroidManifest.xml:18:13-78
93            android:exported="false" />
93-->[:expo-location] AndroidManifest.xml:19:13-37
94
95        <activity
95-->[com.google.android.gms:play-services-base:16.0.1] AndroidManifest.xml:23:9-26:75
96            android:name="com.google.android.gms.common.api.GoogleApiActivity"
96-->[com.google.android.gms:play-services-base:16.0.1] AndroidManifest.xml:24:13-79
97            android:exported="false"
97-->[com.google.android.gms:play-services-base:16.0.1] AndroidManifest.xml:25:13-37
98            android:theme="@android:style/Theme.Translucent.NoTitleBar" />
98-->[com.google.android.gms:play-services-base:16.0.1] AndroidManifest.xml:26:13-72
99
100        <meta-data
100-->[com.google.android.gms:play-services-basement:16.0.1] AndroidManifest.xml:23:9-25:69
101            android:name="com.google.android.gms.version"
101-->[com.google.android.gms:play-services-basement:16.0.1] AndroidManifest.xml:24:13-58
102            android:value="@integer/google_play_services_version" />
102-->[com.google.android.gms:play-services-basement:16.0.1] AndroidManifest.xml:25:13-66
103
104        <service
104-->[androidx.room:room-runtime:2.1.0] AndroidManifest.xml:25:9-27:40
105            android:name="androidx.room.MultiInstanceInvalidationService"
105-->[androidx.room:room-runtime:2.1.0] AndroidManifest.xml:26:13-74
106            android:exported="false" />
106-->[androidx.room:room-runtime:2.1.0] AndroidManifest.xml:27:13-37
107        <service
107-->[io.nlopez.smartlocation:library:3.2.11] AndroidManifest.xml:19:9-21:40
108            android:name="io.nlopez.smartlocation.activity.providers.ActivityGooglePlayServicesProvider$ActivityRecognitionService"
108-->[io.nlopez.smartlocation:library:3.2.11] AndroidManifest.xml:20:13-132
109            android:exported="false" />
109-->[io.nlopez.smartlocation:library:3.2.11] AndroidManifest.xml:21:13-37
110        <service
110-->[io.nlopez.smartlocation:library:3.2.11] AndroidManifest.xml:22:9-24:40
111            android:name="io.nlopez.smartlocation.geofencing.providers.GeofencingGooglePlayServicesProvider$GeofencingService"
111-->[io.nlopez.smartlocation:library:3.2.11] AndroidManifest.xml:23:13-127
112            android:exported="false" />
112-->[io.nlopez.smartlocation:library:3.2.11] AndroidManifest.xml:24:13-37
113        <service
113-->[io.nlopez.smartlocation:library:3.2.11] AndroidManifest.xml:25:9-27:40
114            android:name="io.nlopez.smartlocation.geocoding.providers.AndroidGeocodingProvider$AndroidGeocodingService"
114-->[io.nlopez.smartlocation:library:3.2.11] AndroidManifest.xml:26:13-120
115            android:exported="false" />
115-->[io.nlopez.smartlocation:library:3.2.11] AndroidManifest.xml:27:13-37
116    </application>
117
118</manifest>